0 info it worked if it ends with ok
1 verbose cli [ '/usr/local/Cellar/node/0.10.8/bin/node',
1 verbose cli   '/usr/local/bin/npm',
1 verbose cli   'publish' ]
2 info using npm@1.2.23
3 info using node@v0.10.8
4 verbose publish [ '.' ]
5 verbose read json /Users/shd101wyy/Documents/workspace/xcode/Walley0.1/Walley0.1/package.json
6 verbose cache add [ '.', null ]
7 verbose cache add name=undefined spec="." args=[".",null]
8 verbose parsed url { protocol: null,
8 verbose parsed url   slashes: null,
8 verbose parsed url   auth: null,
8 verbose parsed url   host: null,
8 verbose parsed url   port: null,
8 verbose parsed url   hostname: null,
8 verbose parsed url   hash: null,
8 verbose parsed url   search: null,
8 verbose parsed url   query: null,
8 verbose parsed url   pathname: '.',
8 verbose parsed url   path: '.',
8 verbose parsed url   href: '.' }
9 silly lockFile 3a52ce78- .
10 verbose lock . /Users/shd101wyy/.npm/3a52ce78-.lock
11 verbose read json package.json
12 verbose tar pack [ '/var/folders/t6/bxd88t8s7kb62rpq94wy92vc0000gn/T/npm-12225/1370263483501-0.23790767788887024/tmp.tgz',
12 verbose tar pack   '.' ]
13 verbose tarball /var/folders/t6/bxd88t8s7kb62rpq94wy92vc0000gn/T/npm-12225/1370263483501-0.23790767788887024/tmp.tgz
14 verbose folder .
15 info prepublish walley-language@0.0.1603
16 silly lockFile 3a52ce78- .
17 verbose lock . /Users/shd101wyy/.npm/3a52ce78-.lock
18 silly lockFile 16e537e0-3501-0-23790767788887024-tmp-tgz /var/folders/t6/bxd88t8s7kb62rpq94wy92vc0000gn/T/npm-12225/1370263483501-0.23790767788887024/tmp.tgz
19 verbose lock /var/folders/t6/bxd88t8s7kb62rpq94wy92vc0000gn/T/npm-12225/1370263483501-0.23790767788887024/tmp.tgz /Users/shd101wyy/.npm/16e537e0-3501-0-23790767788887024-tmp-tgz.lock
20 silly lockFile 3a52ce78- .
21 silly lockFile 3a52ce78- .
22 silly lockFile 16e537e0-3501-0-23790767788887024-tmp-tgz /var/folders/t6/bxd88t8s7kb62rpq94wy92vc0000gn/T/npm-12225/1370263483501-0.23790767788887024/tmp.tgz
23 silly lockFile 16e537e0-3501-0-23790767788887024-tmp-tgz /var/folders/t6/bxd88t8s7kb62rpq94wy92vc0000gn/T/npm-12225/1370263483501-0.23790767788887024/tmp.tgz
24 verbose tar unpack /var/folders/t6/bxd88t8s7kb62rpq94wy92vc0000gn/T/npm-12225/1370263483501-0.23790767788887024/tmp.tgz
25 silly lockFile cda7c7b1-3501-0-23790767788887024-package /var/folders/t6/bxd88t8s7kb62rpq94wy92vc0000gn/T/npm-12225/1370263483501-0.23790767788887024/package
26 verbose lock /var/folders/t6/bxd88t8s7kb62rpq94wy92vc0000gn/T/npm-12225/1370263483501-0.23790767788887024/package /Users/shd101wyy/.npm/cda7c7b1-3501-0-23790767788887024-package.lock
27 silly lockFile 16e537e0-3501-0-23790767788887024-tmp-tgz /var/folders/t6/bxd88t8s7kb62rpq94wy92vc0000gn/T/npm-12225/1370263483501-0.23790767788887024/tmp.tgz
28 verbose lock /var/folders/t6/bxd88t8s7kb62rpq94wy92vc0000gn/T/npm-12225/1370263483501-0.23790767788887024/tmp.tgz /Users/shd101wyy/.npm/16e537e0-3501-0-23790767788887024-tmp-tgz.lock
29 silly gunzTarPerm modes [ '755', '644' ]
30 silly gunzTarPerm extractEntry package.json
31 silly gunzTarPerm extractEntry README.md
32 silly gunzTarPerm extractEntry walley.js
33 silly gunzTarPerm extractEntry test2.js
34 silly gunzTarPerm extractEntry test.js
35 silly gunzTarPerm extractEntry test2.wy
36 silly gunzTarPerm extractEntry lib/walley_prototype.js
37 silly gunzTarPerm extractEntry lib/virtual_file_system/virtual_file_system.wy
38 silly gunzTarPerm extractEntry src/old_c/walley_judge.h
39 silly gunzTarPerm extractEntry src/old_c/Makefile
40 silly gunzTarPerm extractEntry src/old_c/walley.h
41 silly gunzTarPerm extractEntry src/old_c/walley_assignment.h
42 silly gunzTarPerm extractEntry src/old_c/walley_assignment_function.h
43 silly gunzTarPerm extractEntry src/old_c/walley_calculation.h
44 silly gunzTarPerm extractEntry src/old_c/walley_cg_js.h
45 silly gunzTarPerm extractEntry src/old_c/walley_class.h
46 silly gunzTarPerm extractEntry src/old_c/walley_data.h
47 silly gunzTarPerm extractEntry src/old_c/walley_function.h
48 silly gunzTarPerm extractEntry src/old_c/main.c
49 silly gunzTarPerm extractEntry src/old_c/walley_lexer.h
50 silly gunzTarPerm extractEntry src/old_c/walley_list.h
51 silly gunzTarPerm extractEntry src/old_c/walley_math_parser.h
52 silly gunzTarPerm extractEntry src/old_c/walley_parser.h
53 silly gunzTarPerm extractEntry src/old_c/walley_pre_functions.h
54 silly gunzTarPerm extractEntry src/old_c/walley_statements.h
55 silly gunzTarPerm extractEntry src/old_c/walley_string.h
56 silly gunzTarPerm extractEntry src/old_c/walley_table.h
57 silly gunzTarPerm extractEntry src/old_c/walley_tree.h
58 silly gunzTarPerm extractEntry Walley0.03.pdf
59 silly gunzTarPerm modified mode [ 'Walley0.03.pdf', 438, 420 ]
60 silly gunzTarPerm extractEntry test.wy
61 silly gunzTarPerm extractEntry copyright
62 silly gunzTarPerm extractEntry introduction
63 silly gunzTarPerm extractEntry walley
64 silly gunzTarPerm extractEntry walley.dSYM/Contents/Info.plist
65 silly gunzTarPerm extractEntry walley.dSYM/Contents/Resources/DWARF/walley
66 silly gunzTarPerm extractEntry Walley0_1.1
67 silly gunzTarPerm extractEntry walley.wy
68 silly gunzTarPerm extractEntry walley_worker
69 silly gunzTarPerm modified mode [ 'walley_worker', 511, 493 ]
70 verbose read json /var/folders/t6/bxd88t8s7kb62rpq94wy92vc0000gn/T/npm-12225/1370263483501-0.23790767788887024/package/package.json
71 silly lockFile cda7c7b1-3501-0-23790767788887024-package /var/folders/t6/bxd88t8s7kb62rpq94wy92vc0000gn/T/npm-12225/1370263483501-0.23790767788887024/package
72 silly lockFile cda7c7b1-3501-0-23790767788887024-package /var/folders/t6/bxd88t8s7kb62rpq94wy92vc0000gn/T/npm-12225/1370263483501-0.23790767788887024/package
73 silly lockFile 16e537e0-3501-0-23790767788887024-tmp-tgz /var/folders/t6/bxd88t8s7kb62rpq94wy92vc0000gn/T/npm-12225/1370263483501-0.23790767788887024/tmp.tgz
74 silly lockFile 16e537e0-3501-0-23790767788887024-tmp-tgz /var/folders/t6/bxd88t8s7kb62rpq94wy92vc0000gn/T/npm-12225/1370263483501-0.23790767788887024/tmp.tgz
75 verbose from cache /var/folders/t6/bxd88t8s7kb62rpq94wy92vc0000gn/T/npm-12225/1370263483501-0.23790767788887024/package/package.json
76 verbose tar pack [ '/Users/shd101wyy/.npm/walley-language/0.0.1603/package.tgz',
76 verbose tar pack   '/var/folders/t6/bxd88t8s7kb62rpq94wy92vc0000gn/T/npm-12225/1370263483501-0.23790767788887024/package' ]
77 verbose tarball /Users/shd101wyy/.npm/walley-language/0.0.1603/package.tgz
78 verbose folder /var/folders/t6/bxd88t8s7kb62rpq94wy92vc0000gn/T/npm-12225/1370263483501-0.23790767788887024/package
79 silly lockFile cda7c7b1-3501-0-23790767788887024-package /var/folders/t6/bxd88t8s7kb62rpq94wy92vc0000gn/T/npm-12225/1370263483501-0.23790767788887024/package
80 verbose lock /var/folders/t6/bxd88t8s7kb62rpq94wy92vc0000gn/T/npm-12225/1370263483501-0.23790767788887024/package /Users/shd101wyy/.npm/cda7c7b1-3501-0-23790767788887024-package.lock
81 silly lockFile d326eb10-ey-language-0-0-1603-package-tgz /Users/shd101wyy/.npm/walley-language/0.0.1603/package.tgz
82 verbose lock /Users/shd101wyy/.npm/walley-language/0.0.1603/package.tgz /Users/shd101wyy/.npm/d326eb10-ey-language-0-0-1603-package-tgz.lock
83 silly lockFile cda7c7b1-3501-0-23790767788887024-package /var/folders/t6/bxd88t8s7kb62rpq94wy92vc0000gn/T/npm-12225/1370263483501-0.23790767788887024/package
84 silly lockFile cda7c7b1-3501-0-23790767788887024-package /var/folders/t6/bxd88t8s7kb62rpq94wy92vc0000gn/T/npm-12225/1370263483501-0.23790767788887024/package
85 silly lockFile d326eb10-ey-language-0-0-1603-package-tgz /Users/shd101wyy/.npm/walley-language/0.0.1603/package.tgz
86 silly lockFile d326eb10-ey-language-0-0-1603-package-tgz /Users/shd101wyy/.npm/walley-language/0.0.1603/package.tgz
87 silly lockFile bdcc9079-walley-language-0-0-1603-package /Users/shd101wyy/.npm/walley-language/0.0.1603/package
88 verbose lock /Users/shd101wyy/.npm/walley-language/0.0.1603/package /Users/shd101wyy/.npm/bdcc9079-walley-language-0-0-1603-package.lock
89 silly lockFile bdcc9079-walley-language-0-0-1603-package /Users/shd101wyy/.npm/walley-language/0.0.1603/package
90 silly lockFile bdcc9079-walley-language-0-0-1603-package /Users/shd101wyy/.npm/walley-language/0.0.1603/package
91 verbose tar unpack /Users/shd101wyy/.npm/walley-language/0.0.1603/package.tgz
92 silly lockFile bdcc9079-walley-language-0-0-1603-package /Users/shd101wyy/.npm/walley-language/0.0.1603/package
93 verbose lock /Users/shd101wyy/.npm/walley-language/0.0.1603/package /Users/shd101wyy/.npm/bdcc9079-walley-language-0-0-1603-package.lock
94 silly lockFile d326eb10-ey-language-0-0-1603-package-tgz /Users/shd101wyy/.npm/walley-language/0.0.1603/package.tgz
95 verbose lock /Users/shd101wyy/.npm/walley-language/0.0.1603/package.tgz /Users/shd101wyy/.npm/d326eb10-ey-language-0-0-1603-package-tgz.lock
96 silly gunzTarPerm modes [ '755', '644' ]
97 silly gunzTarPerm extractEntry package.json
98 silly gunzTarPerm extractEntry README.md
99 silly gunzTarPerm extractEntry walley.js
100 silly gunzTarPerm extractEntry test2.js
101 silly gunzTarPerm extractEntry test.js
102 silly gunzTarPerm extractEntry test2.wy
103 silly gunzTarPerm extractEntry lib/walley_prototype.js
104 silly gunzTarPerm extractEntry lib/virtual_file_system/virtual_file_system.wy
105 silly gunzTarPerm extractEntry src/old_c/walley_judge.h
106 silly gunzTarPerm extractEntry src/old_c/Makefile
107 silly gunzTarPerm extractEntry src/old_c/walley.h
108 silly gunzTarPerm extractEntry src/old_c/walley_assignment.h
109 silly gunzTarPerm extractEntry src/old_c/walley_assignment_function.h
110 silly gunzTarPerm extractEntry src/old_c/walley_calculation.h
111 silly gunzTarPerm extractEntry src/old_c/walley_cg_js.h
112 silly gunzTarPerm extractEntry src/old_c/walley_class.h
113 silly gunzTarPerm extractEntry src/old_c/walley_data.h
114 silly gunzTarPerm extractEntry src/old_c/walley_function.h
115 silly gunzTarPerm extractEntry src/old_c/main.c
116 silly gunzTarPerm extractEntry src/old_c/walley_lexer.h
117 silly gunzTarPerm extractEntry src/old_c/walley_list.h
118 silly gunzTarPerm extractEntry src/old_c/walley_math_parser.h
119 silly gunzTarPerm extractEntry src/old_c/walley_parser.h
120 silly gunzTarPerm extractEntry src/old_c/walley_pre_functions.h
121 silly gunzTarPerm extractEntry src/old_c/walley_statements.h
122 silly gunzTarPerm extractEntry src/old_c/walley_string.h
123 silly gunzTarPerm extractEntry src/old_c/walley_table.h
124 silly gunzTarPerm extractEntry src/old_c/walley_tree.h
125 silly gunzTarPerm extractEntry Walley0.03.pdf
126 silly gunzTarPerm extractEntry test.wy
127 silly gunzTarPerm extractEntry copyright
128 silly gunzTarPerm extractEntry introduction
129 silly gunzTarPerm extractEntry walley
130 silly gunzTarPerm extractEntry walley.dSYM/Contents/Info.plist
131 silly gunzTarPerm extractEntry walley.dSYM/Contents/Resources/DWARF/walley
132 silly gunzTarPerm extractEntry Walley0_1.1
133 silly gunzTarPerm extractEntry walley.wy
134 silly gunzTarPerm extractEntry walley_worker
135 verbose read json /Users/shd101wyy/.npm/walley-language/0.0.1603/package/package.json
136 silly lockFile bdcc9079-walley-language-0-0-1603-package /Users/shd101wyy/.npm/walley-language/0.0.1603/package
137 silly lockFile bdcc9079-walley-language-0-0-1603-package /Users/shd101wyy/.npm/walley-language/0.0.1603/package
138 silly lockFile d326eb10-ey-language-0-0-1603-package-tgz /Users/shd101wyy/.npm/walley-language/0.0.1603/package.tgz
139 silly lockFile d326eb10-ey-language-0-0-1603-package-tgz /Users/shd101wyy/.npm/walley-language/0.0.1603/package.tgz
140 verbose from cache /Users/shd101wyy/.npm/walley-language/0.0.1603/package/package.json
141 verbose chmod /Users/shd101wyy/.npm/walley-language/0.0.1603/package.tgz 644
142 verbose chown /Users/shd101wyy/.npm/walley-language/0.0.1603/package.tgz [ 501, 20 ]
143 silly lockFile 3a52ce78- .
144 silly publish { name: 'walley-language',
144 silly publish   version: '0.0.1603',
144 silly publish   description: 'walley language is a simple script language',
144 silly publish   main: 'walley.js',
144 silly publish   scripts: { test: 'walley_worker' },
144 silly publish   repository:
144 silly publish    { type: 'git',
144 silly publish      url: 'https://github.com/shd101wyy/Walley0.1.git' },
144 silly publish   keywords: [ 'language' ],
144 silly publish   author: { name: 'Yiyi Wang' },
144 silly publish   license: 'MIT',
144 silly publish   readmeFilename: 'README.md',
144 silly publish   gitHead: '0f7a16c38ed5f48556528206bdc6b638c8b0ca89',
144 silly publish   bugs: { url: 'https://github.com/shd101wyy/Walley0.1/issues' },
144 silly publish   readme: 'Walley Language \r\n===================\r\n\r\n                ____     ______     _____     /-----------\\           \r\n                 \\\\ \\    ||    \\    ||  |    /-------------\\          \r\n                  \\\\ \\   ||  |\\ \\   ||  |    |  --  |  --  | \\\\  //   \r\n                   \\\\ \\  ||  |\\\\ \\  ||  |    |   |_____|   |  \\\\//    \r\n                    \\\\ \\ ||  | \\\\ \\ ||  |  --\\_____________/ ---==    \r\n                     \\\\ \\||  |  \\\\ \\||  |  ///\\  ||    ||      ||     \r\n                      \\\\     |   \\\\     |  |  |  ||    ||      ||     \r\n                       \\\\____|    \\\\____|  \\__/\\ ||___ ||___   ||     \r\n               __________________________________________________||     \r\n               ---------------------------------------------------|     \r\n                       VERSION 0.0.1603  FOR FUTURE AR,VR,AI  \r\n       \r\n                    Walley Language is a script language that       \r\n                    compiles Walley Language into Javascript which  \r\n                    can be embeded into webpage. Parts of Walley    \r\n                    Language needs Node.Js support.                 \r\n                                                                                    \r\n                       It is the language for creating a WORLD:)   \r\n\r\n\r\n        I just started this project, so there are still lots of bugs.\r\n        XD',
144 silly publish   _id: 'walley-language@0.0.1603',
144 silly publish   dist: { shasum: 'b231d22f35a814207dd5d9fd6d4f10daa671b2c6' },
144 silly publish   _from: '.' }
145 verbose url raw walley-language
146 verbose url resolving [ 'https://registry.npmjs.org/', './walley-language' ]
147 verbose url resolved https://registry.npmjs.org/walley-language
148 info trying registry request attempt 1 at 20:45:43
149 http PUT https://registry.npmjs.org/walley-language
150 http 409 https://registry.npmjs.org/walley-language
151 verbose url raw walley-language
152 verbose url resolving [ 'https://registry.npmjs.org/', './walley-language' ]
153 verbose url resolved https://registry.npmjs.org/walley-language
154 info trying registry request attempt 1 at 20:45:45
155 http GET https://registry.npmjs.org/walley-language
156 http 200 https://registry.npmjs.org/walley-language
157 error publish fail Cannot publish over existing version.
157 error publish fail Update the 'version' field in package.json and try again.
157 error publish fail
157 error publish fail If the previous version was published in error, see:
157 error publish fail     npm help unpublish
157 error publish fail
157 error publish fail To automatically increment version numbers, see:
157 error publish fail     npm help version
158 error System Darwin 12.3.0
159 error command "/usr/local/Cellar/node/0.10.8/bin/node" "/usr/local/bin/npm" "publish"
160 error cwd /Users/shd101wyy/Documents/workspace/xcode/Walley0.1/Walley0.1
161 error node -v v0.10.8
162 error npm -v 1.2.23
163 error code EPUBLISHCONFLICT
164 verbose exit [ 1, true ]
